-------------------------------------------------------------------------------
Test set: suites.TestSuite
-------------------------------------------------------------------------------
Tests run: 9, Failures: 1, Errors: 0, Skipped: 0, Time elapsed: 833.837 sec <<< FAILURE! - in suites.TestSuite
testPassThroughtWelcome(tests.GetStartedTest)  Time elapsed: 134.13 sec  <<< FAILURE!
junit.framework.AssertionFailedError: We found a few results
	at tests.GetStartedTest.testPassThroughtWelcome(GetStartedTest.java:70)

