-------------------------------------------------------------------------------
Test set: tests.ArticleTests
-------------------------------------------------------------------------------
Tests run: 1, Failures: 0, Errors: 1, Skipped: 0, Time elapsed: 37.839 sec <<< FAILURE! - in tests.ArticleTests
testCompareArticleTitle(tests.ArticleTests)  Time elapsed: 37.716 sec  <<< ERROR!
java.lang.NoSuchMethodError: org.openqa.selenium.support.ui.WebDriverWait.until(Ljava/util/function/Function;)Ljava/lang/Object;
	at tests.ArticleTests.testCompareArticleTitle(ArticleTests.java:18)

