<?xml version="1.0" encoding="UTF-8"?>
<testsuite xmlns:xsi="http://www.w3.org/2001/XMLSchema-instance" xsi:schemaLocation="https://maven.apache.org/surefire/maven-surefire-plugin/xsd/surefire-test-report.xsd" name="suites.TestSuite" time="833.837" tests="9" errors="0" skipped="0" failures="1">
  <properties>
[...]
</properties>
  <testcase name="testCompareArticleTitle" classname="tests.ArticleTests" time="141.282"/>
  <testcase name="testChangeScreenOrientationOnSearchResult" classname="tests.ChangeAppConditionTest" time="88.288"/>
  <testcase name="testCheckSearchArticleInBackground" classname="tests.ChangeAppConditionTest" time="73.096"/>
  <testcase name="testPassThroughtWelcome" classname="tests.GetStartedTest" time="134.13">
    <failure message="We found a few results" type="junit.framework.AssertionFailedError">junit.framework.AssertionFailedError: We found a few results
	at tests.GetStartedTest.testPassThroughtWelcome(GetStartedTest.java:70)
</failure>
  </testcase>
  <testcase name="testSaveArticleToMyList" classname="tests.MyListsTest" time="155.288"/>
  <testcase name="testAmountOfNotEmptySearch" classname="tests.SearchTest" time="71.488"/>
  <testcase name="testAmountOfEmptySearch" classname="tests.SearchTest" time="65.6"/>
  <testcase name="testCancelSearch" classname="tests.SearchTest" time="41.034"/>
  <testcase name="testSearch" classname="tests.SearchTest" time="63.532"/>
</testsuite>